2019-04-01 19:56:30.819  INFO 34356 --- [main] .x.s.SpringBoot03LoggingApplicationTests : Starting SpringBoot03LoggingApplicationTests on LAPTOP-8J0EV3RI with PID 34356 (started by lenovo in E:\Study-hx\技术总结_2019\SpringBoot\spring-boot-03-logging)
2019-04-01 19:56:30.820 DEBUG 34356 --- [main] .x.s.SpringBoot03LoggingApplicationTests : Running with Spring Boot v2.1.3.RELEASE, Spring v5.1.5.RELEASE
2019-04-01 19:56:30.823  INFO 34356 --- [main] .x.s.SpringBoot03LoggingApplicationTests : No active profile set, falling back to default profiles: default
2019-04-01 19:56:34.857  INFO 34356 --- [main] o.s.s.concurrent.ThreadPoolTaskExecutor  : Initializing ExecutorService 'applicationTaskExecutor'
2019-04-01 19:56:35.705  INFO 34356 --- [main] .x.s.SpringBoot03LoggingApplicationTests : Started SpringBoot03LoggingApplicationTests in 5.846 seconds (JVM running for 10.168)
2019-04-01 19:56:36.339 DEBUG 34356 --- [main] .x.s.SpringBoot03LoggingApplicationTests : 这是 debug 日志信息
2019-04-01 19:56:36.340  INFO 34356 --- [main] .x.s.SpringBoot03LoggingApplicationTests : 这是 info 日志信息
2019-04-01 19:56:36.340  WARN 34356 --- [main] .x.s.SpringBoot03LoggingApplicationTests : 这是 warn 日志信息
2019-04-01 19:56:36.341 ERROR 34356 --- [main] .x.s.SpringBoot03LoggingApplicationTests : 这是 error 日志信息
2019-04-01 19:56:36.352  INFO 34356 --- [Thread-2] o.s.s.concurrent.ThreadPoolTaskExecutor  : Shutting down ExecutorService 'applicationTaskExecutor'
2019-04-01 19:58:29.881  INFO 35844 --- [main] .x.s.SpringBoot03LoggingApplicationTests : Starting SpringBoot03LoggingApplicationTests on LAPTOP-8J0EV3RI with PID 35844 (started by lenovo in E:\Study-hx\技术总结_2019\SpringBoot\spring-boot-03-logging)
2019-04-01 19:58:29.883 DEBUG 35844 --- [main] .x.s.SpringBoot03LoggingApplicationTests : Running with Spring Boot v2.1.3.RELEASE, Spring v5.1.5.RELEASE
2019-04-01 19:58:29.885  INFO 35844 --- [main] .x.s.SpringBoot03LoggingApplicationTests : No active profile set, falling back to default profiles: default
2019-04-01 19:58:33.526  INFO 35844 --- [main] o.s.s.concurrent.ThreadPoolTaskExecutor  : Initializing ExecutorService 'applicationTaskExecutor'
2019-04-01 19:58:34.162  INFO 35844 --- [main] .x.s.SpringBoot03LoggingApplicationTests : Started SpringBoot03LoggingApplicationTests in 4.987 seconds (JVM running for 6.625)
2019-04-01 19:58:34.764 DEBUG 35844 --- [main] .x.s.SpringBoot03LoggingApplicationTests : 这是 debug 日志信息
2019-04-01 19:58:34.764  INFO 35844 --- [main] .x.s.SpringBoot03LoggingApplicationTests : 这是 info 日志信息
2019-04-01 19:58:34.765  WARN 35844 --- [main] .x.s.SpringBoot03LoggingApplicationTests : 这是 warn 日志信息
2019-04-01 19:58:34.765 ERROR 35844 --- [main] .x.s.SpringBoot03LoggingApplicationTests : 这是 error 日志信息
2019-04-01 19:58:34.781  INFO 35844 --- [Thread-2] o.s.s.concurrent.ThreadPoolTaskExecutor  : Shutting down ExecutorService 'applicationTaskExecutor'
2019-04-01 20:02:46.229  INFO 30988 --- [main] .x.s.SpringBoot03LoggingApplicationTests : Starting SpringBoot03LoggingApplicationTests on LAPTOP-8J0EV3RI with PID 30988 (started by lenovo in E:\Study-hx\技术总结_2019\SpringBoot\spring-boot-03-logging)
2019-04-01 20:02:46.232 DEBUG 30988 --- [main] .x.s.SpringBoot03LoggingApplicationTests : Running with Spring Boot v2.1.3.RELEASE, Spring v5.1.5.RELEASE
2019-04-01 20:02:46.234  INFO 30988 --- [main] .x.s.SpringBoot03LoggingApplicationTests : No active profile set, falling back to default profiles: default
2019-04-01 20:02:50.785  INFO 30988 --- [main] o.s.s.concurrent.ThreadPoolTaskExecutor  : Initializing ExecutorService 'applicationTaskExecutor'
2019-04-01 20:02:51.382  INFO 30988 --- [main] .x.s.SpringBoot03LoggingApplicationTests : Started SpringBoot03LoggingApplicationTests in 5.875 seconds (JVM running for 7.77)
2019-04-01 20:02:51.858 DEBUG 30988 --- [main] .x.s.SpringBoot03LoggingApplicationTests : 这是 debug 日志信息
2019-04-01 20:02:51.858  INFO 30988 --- [main] .x.s.SpringBoot03LoggingApplicationTests : 这是 info 日志信息
2019-04-01 20:02:51.859  WARN 30988 --- [main] .x.s.SpringBoot03LoggingApplicationTests : 这是 warn 日志信息
2019-04-01 20:02:51.859 ERROR 30988 --- [main] .x.s.SpringBoot03LoggingApplicationTests : 这是 error 日志信息
2019-04-01 20:02:51.873  INFO 30988 --- [Thread-2] o.s.s.concurrent.ThreadPoolTaskExecutor  : Shutting down ExecutorService 'applicationTaskExecutor'
2019-04-01 20:10:02.421  INFO 17412 --- [main] .x.s.SpringBoot03LoggingApplicationTests : Starting SpringBoot03LoggingApplicationTests on LAPTOP-8J0EV3RI with PID 17412 (started by lenovo in E:\Study-hx\技术总结_2019\SpringBoot\spring-boot-03-logging)
2019-04-01 20:10:02.423 DEBUG 17412 --- [main] .x.s.SpringBoot03LoggingApplicationTests : Running with Spring Boot v2.1.3.RELEASE, Spring v5.1.5.RELEASE
2019-04-01 20:10:02.424  INFO 17412 --- [main] .x.s.SpringBoot03LoggingApplicationTests : No active profile set, falling back to default profiles: default
2019-04-01 20:10:06.877  INFO 17412 --- [main] o.s.s.concurrent.ThreadPoolTaskExecutor  : Initializing ExecutorService 'applicationTaskExecutor'
2019-04-01 20:10:07.511  INFO 17412 --- [main] .x.s.SpringBoot03LoggingApplicationTests : Started SpringBoot03LoggingApplicationTests in 5.918 seconds (JVM running for 8.226)
2019-04-01 20:10:08.032 DEBUG 17412 --- [main] .x.s.SpringBoot03LoggingApplicationTests : 这是 debug 日志信息
2019-04-01 20:10:08.032  INFO 17412 --- [main] .x.s.SpringBoot03LoggingApplicationTests : 这是 info 日志信息
2019-04-01 20:10:08.033  WARN 17412 --- [main] .x.s.SpringBoot03LoggingApplicationTests : 这是 warn 日志信息
2019-04-01 20:10:08.033 ERROR 17412 --- [main] .x.s.SpringBoot03LoggingApplicationTests : 这是 error 日志信息
2019-04-01 20:10:08.045  INFO 17412 --- [Thread-2] o.s.s.concurrent.ThreadPoolTaskExecutor  : Shutting down ExecutorService 'applicationTaskExecutor'
2019-04-01 20:13:03.317 >>> [main] >>> INFO  >>> c.x.springboot.SpringBoot03LoggingApplicationTests - Starting SpringBoot03LoggingApplicationTests on LAPTOP-8J0EV3RI with PID 9972 (started by lenovo in E:\Study-hx\技术总结_2019\SpringBoot\spring-boot-03-logging)
2019-04-01 20:13:03.319 >>> [main] >>> DEBUG >>> c.x.springboot.SpringBoot03LoggingApplicationTests - Running with Spring Boot v2.1.3.RELEASE, Spring v5.1.5.RELEASE
2019-04-01 20:13:03.321 >>> [main] >>> INFO  >>> c.x.springboot.SpringBoot03LoggingApplicationTests - No active profile set, falling back to default profiles: default
2019-04-01 20:13:06.962 >>> [main] >>> INFO  >>> o.s.scheduling.concurrent.ThreadPoolTaskExecutor - Initializing ExecutorService 'applicationTaskExecutor'
2019-04-01 20:13:08.101 >>> [main] >>> INFO  >>> c.x.springboot.SpringBoot03LoggingApplicationTests - Started SpringBoot03LoggingApplicationTests in 5.482 seconds (JVM running for 7.616)
2019-04-01 20:13:08.827 >>> [main] >>> DEBUG >>> c.x.springboot.SpringBoot03LoggingApplicationTests - 这是 debug 日志信息
2019-04-01 20:13:08.828 >>> [main] >>> INFO  >>> c.x.springboot.SpringBoot03LoggingApplicationTests - 这是 info 日志信息
2019-04-01 20:13:08.828 >>> [main] >>> WARN  >>> c.x.springboot.SpringBoot03LoggingApplicationTests - 这是 warn 日志信息
2019-04-01 20:13:08.828 >>> [main] >>> ERROR >>> c.x.springboot.SpringBoot03LoggingApplicationTests - 这是 error 日志信息
2019-04-01 20:13:08.844 >>> [Thread-2] >>> INFO  >>> o.s.scheduling.concurrent.ThreadPoolTaskExecutor - Shutting down ExecutorService 'applicationTaskExecutor'
